生成启动时间为 2013/3/30 16:27:10。
     1>项目“D:\Github\Cocos2d-x\PompaDroid\proj.win32\PompaDroid.win32.vcxproj”在节点 2 上(build 个目标)。
     1>InitializeBuildStatus:
         正在创建“Debug.win32\PompaDroid.win32.unsuccessfulbuild”，因为已指定“AlwaysCreate”。
       ClCompile:
         D:\Program Files\Microsoft Visual Studio 10.0\VC\bin\CL.exe /c /I. /I..\Classes /I"D:\cocos2d-2.0-x-2.0.4\cocos2dx" /I"D:\cocos2d-2.0-x-2.0.4\cocos2dx\include" /I"D:\cocos2d-2.0-x-2.0.4\cocos2dx\kazmath\include" /I"D:\cocos2d-2.0-x-2.0.4\cocos2dx\platform\win32" /I"D:\cocos2d-2.0-x-2.0.4\cocos2dx\platform\third_party\win32" /I"D:\cocos2d-2.0-x-2.0.4\cocos2dx\platform\third_party\win32\OGLES" /I"D:\cocos2d-2.0-x-2.0.4\CocosDenshion\include" /ZI /nologo /W3 /WX- /Od /Oy- /D WIN32 /D _WINDOWS /D STRICT /D _CRT_SECURE_NO_WARNINGS /D _SCL_SECURE_NO_WARNINGS_DEBUG /D COCOS2D_DEBUG=1 /D _UNICODE /D UNICODE /Gm /EHsc /RTC1 /MDd /GS /fp:precise /Zc:wchar_t /Zc:forScope /Fo"Debug.win32\\" /Fd"Debug.win32\vc100.pdb" /Gd /TP /wd4267 /wd4251 /wd4244 /analyze- /errorReport:prompt ActionSprite.cpp
         ActionSprite.cpp
     1>d:\github\cocos2d-x\pompadroid\proj.win32\actionsprite.h(28): error C2146: 语法错误: 缺少“;”(在标识符“_actionState”的前面)
     1>d:\github\cocos2d-x\pompadroid\proj.win32\actionsprite.h(28): error C4430: 缺少类型说明符 - 假定为 int。注意: C++ 不支持默认 int
     1>d:\github\cocos2d-x\pompadroid\proj.win32\actionsprite.h(28): error C4430: 缺少类型说明符 - 假定为 int。注意: C++ 不支持默认 int
     1>d:\github\cocos2d-x\pompadroid\proj.win32\actionsprite.h(28): error C2146: 语法错误: 缺少“;”(在标识符“getActionState”的前面)
     1>d:\github\cocos2d-x\pompadroid\proj.win32\actionsprite.h(28): error C2433: “ActionSprite::ActionState”: 不允许在数据声明中使用“virtual”
     1>d:\github\cocos2d-x\pompadroid\proj.win32\actionsprite.h(28): error C4430: 缺少类型说明符 - 假定为 int。注意: C++ 不支持默认 int
     1>d:\github\cocos2d-x\pompadroid\proj.win32\actionsprite.h(28): error C4430: 缺少类型说明符 - 假定为 int。注意: C++ 不支持默认 int
     1>d:\github\cocos2d-x\pompadroid\proj.win32\actionsprite.h(28): warning C4183: “getActionState”: 缺少返回类型；假定为返回“int”的成员函数
     1>d:\github\cocos2d-x\pompadroid\proj.win32\actionsprite.h(28): error C2061: 语法错误: 标识符“ActionState”
     1>d:\github\cocos2d-x\pompadroid\proj.win32\actionsprite.h(28): error C2065: “_actionState”: 未声明的标识符
     1>d:\github\cocos2d-x\pompadroid\proj.win32\actionsprite.h(28): error C2065: “_actionState”: 未声明的标识符
     1>d:\github\cocos2d-x\pompadroid\proj.win32\actionsprite.h(28): error C2065: “var”: 未声明的标识符
     1>已完成生成项目“D:\Github\Cocos2d-x\PompaDroid\proj.win32\PompaDroid.win32.vcxproj”(build 个目标)的操作 - 失败。

生成失败。

已用时间 00:00:04.87
